[debug] [2021-10-31T12:26:09.509Z] ----------------------------------------------------------------------
[debug] [2021-10-31T12:26:09.511Z] Command:       C:\Program Files\nodejs\node.exe C:\Users\HP\AppData\Roaming\npm\node_modules\firebase-tools\lib\bin\firebase.js deploy
[debug] [2021-10-31T12:26:09.511Z] CLI Version:   9.20.0
[debug] [2021-10-31T12:26:09.511Z] Platform:      win32
[debug] [2021-10-31T12:26:09.511Z] Node Version:  v14.17.0
[debug] [2021-10-31T12:26:09.512Z] Time:          Sun Oct 31 2021 18:26:09 GMT+0600 (Bangladesh Standard Time)
[debug] [2021-10-31T12:26:09.513Z] ----------------------------------------------------------------------
[debug] 
[debug] [2021-10-31T12:26:09.515Z] >>> [apiv2][query] GET https://firebase-public.firebaseio.com/cli.json [none]
[debug] [2021-10-31T12:26:09.590Z] > command requires scopes: ["email","openid","https://www.googleapis.com/auth/cloudplatformprojects.readonly","https://www.googleapis.com/auth/firebase","https://www.googleapis.com/auth/cloud-platform"]
[debug] [2021-10-31T12:26:09.590Z] > authorizing via signed-in user (180104101@aust.edu)
[debug] [2021-10-31T12:26:09.590Z] [iam] checking project ema-john-simple-e9bd8 for permissions ["firebase.projects.get","firebasehosting.sites.update"]
[debug] [2021-10-31T12:26:09.592Z] > refreshing access token with scopes: ["email","https://www.googleapis.com/auth/cloud-platform","https://www.googleapis.com/auth/cloudplatformprojects.readonly","https://www.googleapis.com/auth/firebase","openid"]
[debug] [2021-10-31T12:26:09.592Z] >>> HTTP REQUEST POST https://www.googleapis.com/oauth2/v3/token  
 <request body omitted>
[debug] [2021-10-31T12:26:10.247Z] <<< HTTP RESPONSE 200 {"date":"Sun, 31 Oct 2021 12:26:10 GMT","pragma":"no-cache","cache-control":"no-cache, no-store, max-age=0, must-revalidate","expires":"Mon, 01 Jan 1990 00:00:00 GMT","content-type":"application/json; charset=utf-8","vary":"X-Origin, Referer, Origin,Accept-Encoding","server":"scaffolding on HTTPServer2","x-xss-protection":"0","x-frame-options":"SAMEORIGIN","x-content-type-options":"nosniff","alt-svc":"h3=\":443\"; ma=2592000,h3-29=\":443\"; ma=2592000,h3-Q050=\":443\"; ma=2592000,h3-Q046=\":443\"; ma=2592000,h3-Q043=\":443\"; ma=2592000,quic=\":443\"; ma=2592000; v=\"46,43\"","accept-ranges":"none","transfer-encoding":"chunked"}
[debug] [2021-10-31T12:26:10.256Z] >>> HTTP REQUEST POST https://cloudresourcemanager.googleapis.com/v1/projects/ema-john-simple-e9bd8:testIamPermissions  
 {"permissions":["firebase.projects.get","firebasehosting.sites.update"]}
[debug] [2021-10-31T12:26:11.024Z] <<< [apiv2][status] GET https://firebase-public.firebaseio.com/cli.json 200
[debug] [2021-10-31T12:26:11.024Z] <<< [apiv2][body] GET https://firebase-public.firebaseio.com/cli.json {"cloudBuildErrorAfter":1594252800000,"cloudBuildWarnAfter":1590019200000,"defaultNode10After":1594252800000,"minVersion":"3.0.5","node8DeploysDisabledAfter":1613390400000,"node8RuntimeDisabledAfter":1615809600000,"node8WarnAfter":1600128000000}
[debug] [2021-10-31T12:26:11.946Z] <<< HTTP RESPONSE 200 {"content-type":"application/json; charset=UTF-8","vary":"X-Origin, Referer, Origin,Accept-Encoding","date":"Sun, 31 Oct 2021 12:26:11 GMT","server":"ESF","cache-control":"private","x-xss-protection":"0","x-frame-options":"SAMEORIGIN","x-content-type-options":"nosniff","server-timing":"gfet4t7; dur=1079","alt-svc":"h3=\":443\"; ma=2592000,h3-29=\":443\"; ma=2592000,h3-Q050=\":443\"; ma=2592000,h3-Q046=\":443\"; ma=2592000,h3-Q043=\":443\"; ma=2592000,quic=\":443\"; ma=2592000; v=\"46,43\"","accept-ranges":"none","transfer-encoding":"chunked"}
[debug] [2021-10-31T12:26:11.947Z] [iam] error while checking permissions, command may fail: FirebaseError: Authorization failed. This account is missing the following required permissions on project ema-john-simple-e9bd8:

  firebase.projects.get
  firebasehosting.sites.update
[debug] [2021-10-31T12:26:11.947Z] > refreshing access token with scopes: []
[debug] [2021-10-31T12:26:11.947Z] >>> HTTP REQUEST POST https://www.googleapis.com/oauth2/v3/token  
 <request body omitted>
[debug] [2021-10-31T12:26:12.436Z] <<< HTTP RESPONSE 200 {"date":"Sun, 31 Oct 2021 12:26:12 GMT","pragma":"no-cache","expires":"Mon, 01 Jan 1990 00:00:00 GMT","cache-control":"no-cache, no-store, max-age=0, must-revalidate","content-type":"application/json; charset=utf-8","vary":"X-Origin, Referer, Origin,Accept-Encoding","server":"scaffolding on HTTPServer2","x-xss-protection":"0","x-frame-options":"SAMEORIGIN","x-content-type-options":"nosniff","alt-svc":"h3=\":443\"; ma=2592000,h3-29=\":443\"; ma=2592000,h3-Q050=\":443\"; ma=2592000,h3-Q046=\":443\"; ma=2592000,h3-Q043=\":443\"; ma=2592000,quic=\":443\"; ma=2592000; v=\"46,43\"","accept-ranges":"none","transfer-encoding":"chunked"}
[debug] [2021-10-31T12:26:12.443Z] >>> [apiv2][query] GET https://firebase.googleapis.com/v1beta1/projects/ema-john-simple-e9bd8 [none]
[debug] [2021-10-31T12:26:13.316Z] <<< [apiv2][status] GET https://firebase.googleapis.com/v1beta1/projects/ema-john-simple-e9bd8 403
[debug] [2021-10-31T12:26:13.316Z] <<< [apiv2][body] GET https://firebase.googleapis.com/v1beta1/projects/ema-john-simple-e9bd8 {"error":{"code":403,"message":"The caller does not have permission","status":"PERMISSION_DENIED"}}
[debug] [2021-10-31T12:26:13.316Z] HTTP Error: 403, The caller does not have permission
[debug] [2021-10-31T12:26:13.941Z] FirebaseError: HTTP Error: 403, The caller does not have permission
    at module.exports (C:\Users\HP\AppData\Roaming\npm\node_modules\firebase-tools\lib\responseToError.js:38:12)
    at Client.doRequest (C:\Users\HP\AppData\Roaming\npm\node_modules\firebase-tools\lib\apiv2.js:238:23)
    at processTicksAndRejections (internal/process/task_queues.js:95:5)
    at async Client.request (C:\Users\HP\AppData\Roaming\npm\node_modules\firebase-tools\lib\apiv2.js:96:20)
    at async Object.getFirebaseProject (C:\Users\HP\AppData\Roaming\npm\node_modules\firebase-tools\lib\management\projects.js:290:21)
    at async Object.getDefaultHostingSite (C:\Users\HP\AppData\Roaming\npm\node_modules\firebase-tools\lib\getDefaultHostingSite.js:8:21)
    at async requireHostingSite (C:\Users\HP\AppData\Roaming\npm\node_modules\firebase-tools\lib\requireHostingSite.js:9:18)
    at async Object.fn (C:\Users\HP\AppData\Roaming\npm\node_modules\firebase-tools\lib\commands\deploy.js:65:9)
    at async C:\Users\HP\AppData\Roaming\npm\node_modules\firebase-tools\lib\command.js:188:17
[error] 
[error] Error: Failed to get Firebase project ema-john-simple-e9bd8. Please make sure the project exists and your account has permission to access it.
